# JRE version: OpenJDK Runtime Environment (21.0.3) (build 21.0.3+-12282718-b509.11)
# Java VM: OpenJDK 64-Bit Server VM (21.0.3+-12282718-b509.11, mixed mode, tiered, compressed oops, compressed class ptrs, g1 gc, windows-amd64)
GC Precious Log:
 CardTable entry size: 512
 Card Set container configuration: InlinePtr #cards 5 size 8 Array Of Cards #cards 12 size 40 Howl #buckets 4 coarsen threshold 1843 Howl Bitmap #cards 512 size 80 coarsen threshold 460 Card regions per heap region 1 cards per card region 2048
 CPUs: 8 total, 8 available
 Memory: 3812M
 Large Page Support: Disabled
 NUMA Support: Disabled
 Compressed Oops: Enabled (32-bit)
 Heap Region Size: 1M
 Heap Min Capacity: 8M
 Heap Initial Capacity: 60M
 Heap Max Capacity: 954M
 Pre-touch: Disabled
 Parallel Workers: 8
 Concurrent Workers: 2
 Concurrent Refinement Workers: 8
 Periodic GC: Disabled
Heap:
 garbage-first heap   total 35840K, used 26098K [0x00000000c4600000, 0x0000000100000000)
  region size 1024K, 11 young (11264K), 2 survivors (2048K)
 Metaspace       used 43727K, committed 43968K, reserved 1114112K
  class space    used 5135K, committed 5248K, reserved 1048576K
GC Heap History (18 events):
Event: 3.935 GC heap before
{Heap before GC invocations=0 (full 0):
 garbage-first heap   total 61440K, used 26624K [0x00000000c4600000, 0x0000000100000000)
  region size 1024K, 23 young (23552K), 0 survivors (0K)
 Metaspace       used 14642K, committed 14784K, reserved 1114112K
  class space    used 1433K, committed 1472K, reserved 1048576K
}
Event: 3.949 GC heap after
{Heap after GC invocations=1 (full 0):
 garbage-first heap   total 61440K, used 6109K [0x00000000c4600000, 0x0000000100000000)
  region size 1024K, 3 young (3072K), 3 survivors (3072K)
 Metaspace       used 14642K, committed 14784K, reserved 1114112K
  class space    used 1433K, committed 1472K, reserved 1048576K
}
Event: 5.950 GC heap before
{Heap before GC invocations=1 (full 0):
 garbage-first heap   total 61440K, used 26589K [0x00000000c4600000, 0x0000000100000000)
  region size 1024K, 24 young (24576K), 3 survivors (3072K)
 Metaspace       used 21319K, committed 21504K, reserved 1114112K
  class space    used 2212K, committed 2304K, reserved 1048576K
}
Event: 5.981 GC heap after
{Heap after GC invocations=2 (full 0):
 garbage-first heap   total 61440K, used 7168K [0x00000000c4600000, 0x0000000100000000)
  region size 1024K, 1 young (1024K), 1 survivors (1024K)
 Metaspace       used 21319K, committed 21504K, reserved 1114112K
  class space    used 2212K, committed 2304K, reserved 1048576K
}
Event: 8.352 GC heap before
{Heap before GC invocations=3 (full 0):
 garbage-first heap   total 27648K, used 27648K [0x00000000c4600000, 0x0000000100000000)
  region size 1024K, 21 young (21504K), 1 survivors (1024K)
 Metaspace       used 24125K, committed 24448K, reserved 1114112K
  class space    used 2604K, committed 2752K, reserved 1048576K
}
Event: 8.410 GC heap after
{Heap after GC invocations=4 (full 0):
 garbage-first heap   total 35840K, used 14326K [0x00000000c4600000, 0x0000000100000000)
  region size 1024K, 5 young (5120K), 5 survivors (5120K)
 Metaspace       used 24125K, committed 24448K, reserved 1114112K
  class space    used 2604K, committed 2752K, reserved 1048576K
}
Event: 10.983 GC heap before
{Heap before GC invocations=4 (full 0):
 garbage-first heap   total 35840K, used 27638K [0x00000000c4600000, 0x0000000100000000)
  region size 1024K, 18 young (18432K), 5 survivors (5120K)
 Metaspace       used 28017K, committed 28288K, reserved 1114112K
  class space    used 3203K, committed 3328K, reserved 1048576K
}
Event: 10.998 GC heap after
{Heap after GC invocations=5 (full 0):
 garbage-first heap   total 35840K, used 16238K [0x00000000c4600000, 0x0000000100000000)
  region size 1024K, 2 young (2048K), 2 survivors (2048K)
 Metaspace       used 28017K, committed 28288K, reserved 1114112K
  class space    used 3203K, committed 3328K, reserved 1048576K
}
Event: 12.578 GC heap before
{Heap before GC invocations=5 (full 0):
 garbage-first heap   total 35840K, used 27502K [0x00000000c4600000, 0x0000000100000000)
  region size 1024K, 14 young (14336K), 2 survivors (2048K)
 Metaspace       used 31367K, committed 31616K, reserved 1114112K
  class space    used 3854K, committed 3968K, reserved 1048576K
}
Event: 12.587 GC heap after
{Heap after GC invocations=6 (full 0):
 garbage-first heap   total 35840K, used 17408K [0x00000000c4600000, 0x0000000100000000)
  region size 1024K, 2 young (2048K), 2 survivors (2048K)
 Metaspace       used 31367K, committed 31616K, reserved 1114112K
  class space    used 3854K, committed 3968K, reserved 1048576K
}
Event: 13.470 GC heap before
{Heap before GC invocations=6 (full 0):
 garbage-first heap   total 35840K, used 29696K [0x00000000c4600000, 0x0000000100000000)
  region size 1024K, 14 young (14336K), 2 survivors (2048K)
 Metaspace       used 34029K, committed 34240K, reserved 1114112K
  class space    used 4126K, committed 4224K, reserved 1048576K
}
Event: 13.477 GC heap after
{Heap after GC invocations=7 (full 0):
 garbage-first heap   total 35840K, used 17779K [0x00000000c4600000, 0x0000000100000000)
  region size 1024K, 1 young (1024K), 1 survivors (1024K)
 Metaspace       used 34029K, committed 34240K, reserved 1114112K
  class space    used 4126K, committed 4224K, reserved 1048576K
}
Event: 13.911 GC heap before
{Heap before GC invocations=7 (full 0):
 garbage-first heap   total 35840K, used 22899K [0x00000000c4600000, 0x0000000100000000)
  region size 1024K, 7 young (7168K), 1 survivors (1024K)
 Metaspace       used 35757K, committed 35968K, reserved 1114112K
  class space    used 4314K, committed 4416K, reserved 1048576K
}
Event: 13.915 GC heap after
{Heap after GC invocations=8 (full 0):
 garbage-first heap   total 35840K, used 18251K [0x00000000c4600000, 0x0000000100000000)
  region size 1024K, 1 young (1024K), 1 survivors (1024K)
 Metaspace       used 35757K, committed 35968K, reserved 1114112K
  class space    used 4314K, committed 4416K, reserved 1048576K
}
Event: 14.733 GC heap before
{Heap before GC invocations=9 (full 0):
 garbage-first heap   total 35840K, used 29515K [0x00000000c4600000, 0x0000000100000000)
  region size 1024K, 13 young (13312K), 1 survivors (1024K)
 Metaspace       used 39135K, committed 39360K, reserved 1114112K
  class space    used 4648K, committed 4736K, reserved 1048576K
}
Event: 14.737 GC heap after
{Heap after GC invocations=10 (full 0):
 garbage-first heap   total 35840K, used 18962K [0x00000000c4600000, 0x0000000100000000)
  region size 1024K, 2 young (2048K), 2 survivors (2048K)
 Metaspace       used 39135K, committed 39360K, reserved 1114112K
  class space    used 4648K, committed 4736K, reserved 1048576K
}
Event: 15.328 GC heap before
{Heap before GC invocations=10 (full 0):
 garbage-first heap   total 35840K, used 30226K [0x00000000c4600000, 0x0000000100000000)
  region size 1024K, 13 young (13312K), 2 survivors (2048K)
 Metaspace       used 41594K, committed 41792K, reserved 1114112K
  class space    used 4910K, committed 4992K, reserved 1048576K
}
Event: 15.333 GC heap after
{Heap after GC invocations=11 (full 0):
 garbage-first heap   total 35840K, used 18930K [0x00000000c4600000, 0x0000000100000000)
  region size 1024K, 2 young (2048K), 2 survivors (2048K)
 Metaspace       used 41594K, committed 41792K, reserved 1114112K
  class space    used 4910K, committed 4992K, reserved 1048576K
}

